<?xml version="1.0" encoding="UTF-8"?>
<!-- Generated by org.testng.reporters.JUnitXMLReporter -->
<testsuite hostname="kuldeep-Travel" ignored="0" name="EsselWorldB2C" tests="10" failures="2" timestamp="06 Mar 2019 08:39:28 GMT" time="122.89" errors="0">
  <testcase name="selectAdultAndChild" time="4.232" classname="b2c.BookingWidgetTest"/>
  <testcase name="selectAdultAndChildWithZero" time="1.997" classname="b2c.BookingWidgetTest">
    <failure type="java.lang.AssertionError">
      <![CDATA[java.lang.AssertionError: 
at b2c.BookingWidgetTest.selectAdultAndChildWithZero(BookingWidgetTest.java:84)
... Removed 29 stack frames]]>
    </failure>
  </testcase> <!-- selectAdultAndChildWithZero -->
  <testcase name="selectNextMonthDate" time="2.064" classname="b2c.BookingWidgetTest"/>
  <testcase name="invalidSignIn" time="3.518" classname="b2c.LoginPageTest"/>
  <testcase name="passwordValidation" time="0.377" classname="b2c.LoginPageTest"/>
  <testcase name="testCancel" time="1.062" classname="b2c.LoginPageTest"/>
  <testcase name="testSignUp" time="1.601" classname="b2c.LoginPageTest"/>
  <testcase name="userNameValidation" time="2.44" classname="b2c.LoginPageTest"/>
  <testcase name="validCredential" time="4.337" classname="b2c.LoginPageTest"/>
  <testcase name="testHomePage" time="3.305" classname="b2c.HomePageTest">
    <failure type="org.openqa.selenium.NoSuchElementException" message="Unable to locate element: Sign in
For documentation on this error, please visit: https://www.seleniumhq.org/exceptions/no_such_element.html
Build info: version: &amp;apos;3.141.59&amp;apos;, revision: &amp;apos;e82be7d358&amp;apos;, time: &amp;apos;2018-11-14T08:17:03&amp;apos;
System info: host: &amp;apos;kuldeep-Travel&amp;apos;, ip: &amp;apos;127.0.1.1&amp;apos;, os.name: &amp;apos;Linux&amp;apos;, os.arch: &amp;apos;amd64&amp;apos;, os.version: &amp;apos;4.4.0-79-generic&amp;apos;, java.version: &amp;apos;1.8.0_131&amp;apos;
Driver info: org.openqa.selenium.firefox.FirefoxDriver
Capabilities {acceptInsecureCerts: true, browserName: firefox, browserVersion: 55.0.1, javascriptEnabled: true, moz:accessibilityChecks: false, moz:processID: 7393, moz:profile: /tmp/rust_mozprofile.3NB38G..., pageLoadStrategy: normal, platform: LINUX, platformName: LINUX, platformVersion: 4.4.0-79-generic, rotatable: false, specificationLevel: 0, timeouts: {implicit: 0, pageLoad: 300000, script: 30000}}
Session ID: a061d378-b5de-4635-9d52-0d3fda975b80
*** Element info: {Using=link text, value=Sign in}">
      <![CDATA[org.openqa.selenium.NoSuchElementException: Unable to locate element: Sign in
For documentation on this error, please visit: https://www.seleniumhq.org/exceptions/no_such_element.html
Build info: version: '3.141.59', revision: 'e82be7d358', time: '2018-11-14T08:17:03'
System info: host: 'kuldeep-Travel', ip: '127.0.1.1', os.name: 'Linux', os.arch: 'amd64', os.version: '4.4.0-79-generic', java.version: '1.8.0_131'
Driver info: org.openqa.selenium.firefox.FirefoxDriver
Capabilities {acceptInsecureCerts: true, browserName: firefox, browserVersion: 55.0.1, javascriptEnabled: true, moz:accessibilityChecks: false, moz:processID: 7393, moz:profile: /tmp/rust_mozprofile.3NB38G..., pageLoadStrategy: normal, platform: LINUX, platformName: LINUX, platformVersion: 4.4.0-79-generic, rotatable: false, specificationLevel: 0, timeouts: {implicit: 0, pageLoad: 300000, script: 30000}}
Session ID: a061d378-b5de-4635-9d52-0d3fda975b80
*** Element info: {Using=link text, value=Sign in}
at org.openqa.selenium.remote.http.W3CHttpResponseCodec.createException(W3CHttpResponseCodec.java:187)
at org.openqa.selenium.remote.http.W3CHttpResponseCodec.decode(W3CHttpResponseCodec.java:122)
at org.openqa.selenium.remote.http.W3CHttpResponseCodec.decode(W3CHttpResponseCodec.java:49)
at org.openqa.selenium.remote.HttpCommandExecutor.execute(HttpCommandExecutor.java:158)
at org.openqa.selenium.remote.service.DriverCommandExecutor.execute(DriverCommandExecutor.java:83)
at org.openqa.selenium.remote.RemoteWebDriver.execute(RemoteWebDriver.java:552)
at org.openqa.selenium.remote.RemoteWebDriver.findElement(RemoteWebDriver.java:323)
at org.openqa.selenium.remote.RemoteWebDriver.findElementByLinkText(RemoteWebDriver.java:380)
at org.openqa.selenium.By$ByLinkText.findElement(By.java:220)
at org.openqa.selenium.remote.RemoteWebDriver.findElement(RemoteWebDriver.java:315)
at pages.HomePage.clickSignIn(HomePage.java:28)
at b2c.HomePageTest.testHomePage(HomePageTest.java:28)
... Removed 29 stack frames]]>
    </failure>
  </testcase> <!-- testHomePage -->
</testsuite> <!-- EsselWorldB2C -->
