<?xml version="1.0" encoding="UTF-8"?>
<!-- Generated by org.testng.reporters.JUnitXMLReporter -->
<testsuite hostname="kuldeep-Travel" ignored="4" name="LoginFlow" tests="11" failures="3" timestamp="27 Mar 2019 10:03:40 GMT" time="111.499" errors="0">
  <testcase name="invalidSignIn" time="3.56" classname="b2c.LoginPageTest"/>
  <testcase name="passwordValidation" time="0.457" classname="b2c.LoginPageTest"/>
  <testcase name="testCancel" time="1.162" classname="b2c.LoginPageTest"/>
  <testcase name="testSignUp" time="2.077" classname="b2c.LoginPageTest"/>
  <testcase name="userNameValidation" time="2.516" classname="b2c.LoginPageTest"/>
  <testcase name="clickOffersLinkAndVerify" time="25.221" classname="b2c.HomePageLinkTest">
    <failure type="java.lang.AssertionError" message="expected [ZOOMCAR SUPER OFFER] but found [ZOOM CAR SUPER OFFER]">
      <![CDATA[java.lang.AssertionError: expected [ZOOMCAR SUPER OFFER] but found [ZOOM CAR SUPER OFFER]
at b2c.HomePageLinkTest.clickOffersLinkAndVerify(HomePageLinkTest.java:38)
... Removed 31 stack frames]]>
    </failure>
  </testcase> <!-- clickOffersLinkAndVerify -->
  <testcase name="clickToBirdParkLinkAndGetBirdParkHomePageURL" time="12.543" classname="b2c.HomePageLinkTest"/>
  <testcase name="clickToFab5ShoppingLinkAndGetGetFab5ShoppingHomePageURL" time="6.783" classname="b2c.HomePageLinkTest">
    <failure type="java.lang.AssertionError" message="expected [http://www.fab5shopping.in/] but found [http://atlas:hydra@demo.esselworld.in/travel/]">
      <![CDATA[java.lang.AssertionError: expected [http://www.fab5shopping.in/] but found [http://atlas:hydra@demo.esselworld.in/travel/]
at b2c.HomePageLinkTest.clickToFab5ShoppingLinkAndGetGetFab5ShoppingHomePageURL(HomePageLinkTest.java:106)
... Removed 31 stack frames]]>
    </failure>
  </testcase> <!-- clickToFab5ShoppingLinkAndGetGetFab5ShoppingHomePageURL -->
  <testcase name="clickToWaterKingdomAndGetWaterKingdomHomePageURL" time="7.779" classname="b2c.HomePageLinkTest">
    <failure type="java.lang.AssertionError" message="expected [https://www.waterkingdom.in/travel/home] but found [http://www.fab5shopping.in/]">
      <![CDATA[java.lang.AssertionError: expected [https://www.waterkingdom.in/travel/home] but found [http://www.fab5shopping.in/]
at b2c.HomePageLinkTest.clickToWaterKingdomAndGetWaterKingdomHomePageURL(HomePageLinkTest.java:92)
... Removed 31 stack frames]]>
    </failure>
  </testcase> <!-- clickToWaterKingdomAndGetWaterKingdomHomePageURL -->
  <testcase name="footerTopMenuLinks" time="34.684" classname="b2c.HomePageLinkTest"/>
  <testcase name="validCredential" time="4.564" classname="b2c.LoginPageTest"/>
  <testcase name="@AfterSuite cleanup" time="0.0" classname="resources.BasePageTest">
    <ignored/>
  </testcase> <!-- @AfterSuite cleanup -->
  <testcase name="@AfterSuite cleanup" time="0.0" classname="resources.BasePageTest">
    <ignored/>
  </testcase> <!-- @AfterSuite cleanup -->
  <testcase name="@BeforeSuite init" time="0.0" classname="resources.BasePageTest">
    <ignored/>
  </testcase> <!-- @BeforeSuite init -->
  <testcase name="@BeforeSuite init" time="0.0" classname="resources.BasePageTest">
    <ignored/>
  </testcase> <!-- @BeforeSuite init -->
</testsuite> <!-- LoginFlow -->
