<html>
<head>
<title>TestNG:  LoginFlow</title>
<link href="../testng.css" rel="stylesheet" type="text/css" />
<link href="../my-testng.css" rel="stylesheet" type="text/css" />

<style type="text/css">
.log { display: none;} 
.stack-trace { display: none;} 
</style>
<script type="text/javascript">
<!--
function flip(e) {
  current = e.style.display;
  if (current == 'block') {
    e.style.display = 'none';
    return 0;
  }
  else {
    e.style.display = 'block';
    return 1;
  }
}

function toggleBox(szDivId, elem, msg1, msg2)
{
  var res = -1;  if (document.getElementById) {
    res = flip(document.getElementById(szDivId));
  }
  else if (document.all) {
    // this is the way old msie versions work
    res = flip(document.all[szDivId]);
  }
  if(elem) {
    if(res == 0) elem.innerHTML = msg1; else elem.innerHTML = msg2;
  }

}

function toggleAllBoxes() {
  if (document.getElementsByTagName) {
    d = document.getElementsByTagName('div');
    for (i = 0; i < d.length; i++) {
      if (d[i].className == 'log') {
        flip(d[i]);
      }
    }
  }
}

// -->
</script>

</head>
<body>
<h2 align='center'>LoginFlow</h2><table border='1' align="center">
<tr>
<td>Tests passed/Failed/Skipped:</td><td>8/3/0</td>
</tr><tr>
<td>Started on:</td><td>Wed Mar 27 15:31:48 IST 2019</td>
</tr>
<tr><td>Total time:</td><td>111 seconds (111499 ms)</td>
</tr><tr>
<td>Included groups:</td><td></td>
</tr><tr>
<td>Excluded groups:</td><td></td>
</tr>
</table><p/>
<small><i>(Hover the method name to see the test class name)</i></small><p/>
<table width='100%' border='1' class='invocation-failed'>
<tr><td colspan='4' align='center'><b>FAILED TESTS</b></td></tr>
<tr><td><b>Test method</b></td>
<td width="30%"><b>Exception</b></td>
<td width="10%"><b>Time (seconds)</b></td>
<td><b>Instance</b></td>
</tr>
<tr>
<td title='b2c.HomePageLinkTest.clickOffersLinkAndVerify()'><b>clickOffersLinkAndVerify</b><br>Test class: b2c.HomePageLinkTest</td>
<td><div><pre>java.lang.AssertionError: expected [ZOOMCAR SUPER OFFER] but found [ZOOM CAR SUPER OFFER]
	at b2c.HomePageLinkTest.clickOffersLinkAndVerify(HomePageLinkTest.java:38)
... Removed 31 stack frames</pre></div><a href='#' onClick='toggleBox("stack-trace834824701", this, "Click to show all stack frames", "Click to hide stack frames")'>Click to show all stack frames</a>
<div class='stack-trace' id='stack-trace834824701'><pre>java.lang.AssertionError: expected [ZOOMCAR SUPER OFFER] but found [ZOOM CAR SUPER OFFER]
	at org.testng.Assert.fail(Assert.java:96)
	at org.testng.Assert.failNotEquals(Assert.java:776)
	at org.testng.Assert.assertEqualsImpl(Assert.java:137)
	at org.testng.Assert.assertEquals(Assert.java:118)
	at org.testng.Assert.assertEquals(Assert.java:453)
	at org.testng.Assert.assertEquals(Assert.java:463)
	at b2c.HomePageLinkTest.clickOffersLinkAndVerify(HomePageLinkTest.java:38)
	at sun.reflect.NativeMethodAccessorImpl.invoke0(Native Method)
	at sun.reflect.NativeMethodAccessorImpl.invoke(NativeMethodAccessorImpl.java:62)
	at sun.reflect.DelegatingMethodAccessorImpl.invoke(DelegatingMethodAccessorImpl.java:43)
	at java.lang.reflect.Method.invoke(Method.java:498)
	at org.testng.internal.MethodInvocationHelper.invokeMethod(MethodInvocationHelper.java:124)
	at org.testng.internal.Invoker.invokeMethod(Invoker.java:583)
	at org.testng.internal.Invoker.invokeTestMethod(Invoker.java:719)
	at org.testng.internal.Invoker.invokeTestMethods(Invoker.java:989)
	at org.testng.internal.TestMethodWorker.invokeTestMethods(TestMethodWorker.java:125)
	at org.testng.internal.TestMethodWorker.run(TestMethodWorker.java:109)
	at org.testng.TestRunner.privateRun(TestRunner.java:648)
	at org.testng.TestRunner.run(TestRunner.java:505)
	at org.testng.SuiteRunner.runTest(SuiteRunner.java:455)
	at org.testng.SuiteRunner.runSequentially(SuiteRunner.java:450)
	at org.testng.SuiteRunner.privateRun(SuiteRunner.java:415)
	at org.testng.SuiteRunner.run(SuiteRunner.java:364)
	at org.testng.SuiteRunnerWorker.runSuite(SuiteRunnerWorker.java:52)
	at org.testng.SuiteRunnerWorker.run(SuiteRunnerWorker.java:84)
	at org.testng.TestNG.runSuitesSequentially(TestNG.java:1208)
	at org.testng.TestNG.runSuitesLocally(TestNG.java:1137)
	at org.testng.TestNG.runSuites(TestNG.java:1049)
	at org.testng.TestNG.run(TestNG.java:1017)
	at org.testng.remote.AbstractRemoteTestNG.run(AbstractRemoteTestNG.java:115)
	at org.testng.remote.RemoteTestNG.initAndRun(RemoteTestNG.java:251)
	at org.testng.remote.RemoteTestNG.main(RemoteTestNG.java:77)
</pre></div></td>
<td>25</td>
<td>b2c.HomePageLinkTest@e45f292</td></tr>
<tr>
<td title='b2c.HomePageLinkTest.clickToFab5ShoppingLinkAndGetGetFab5ShoppingHomePageURL()'><b>clickToFab5ShoppingLinkAndGetGetFab5ShoppingHomePageURL</b><br>Test class: b2c.HomePageLinkTest</td>
<td><div><pre>java.lang.AssertionError: expected [http://www.fab5shopping.in/] but found [http://atlas:hydra@demo.esselworld.in/travel/]
	at b2c.HomePageLinkTest.clickToFab5ShoppingLinkAndGetGetFab5ShoppingHomePageURL(HomePageLinkTest.java:106)
... Removed 31 stack frames</pre></div><a href='#' onClick='toggleBox("stack-trace866273692", this, "Click to show all stack frames", "Click to hide stack frames")'>Click to show all stack frames</a>
<div class='stack-trace' id='stack-trace866273692'><pre>java.lang.AssertionError: expected [http://www.fab5shopping.in/] but found [http://atlas:hydra@demo.esselworld.in/travel/]
	at org.testng.Assert.fail(Assert.java:96)
	at org.testng.Assert.failNotEquals(Assert.java:776)
	at org.testng.Assert.assertEqualsImpl(Assert.java:137)
	at org.testng.Assert.assertEquals(Assert.java:118)
	at org.testng.Assert.assertEquals(Assert.java:453)
	at org.testng.Assert.assertEquals(Assert.java:463)
	at b2c.HomePageLinkTest.clickToFab5ShoppingLinkAndGetGetFab5ShoppingHomePageURL(HomePageLinkTest.java:106)
	at sun.reflect.NativeMethodAccessorImpl.invoke0(Native Method)
	at sun.reflect.NativeMethodAccessorImpl.invoke(NativeMethodAccessorImpl.java:62)
	at sun.reflect.DelegatingMethodAccessorImpl.invoke(DelegatingMethodAccessorImpl.java:43)
	at java.lang.reflect.Method.invoke(Method.java:498)
	at org.testng.internal.MethodInvocationHelper.invokeMethod(MethodInvocationHelper.java:124)
	at org.testng.internal.Invoker.invokeMethod(Invoker.java:583)
	at org.testng.internal.Invoker.invokeTestMethod(Invoker.java:719)
	at org.testng.internal.Invoker.invokeTestMethods(Invoker.java:989)
	at org.testng.internal.TestMethodWorker.invokeTestMethods(TestMethodWorker.java:125)
	at org.testng.internal.TestMethodWorker.run(TestMethodWorker.java:109)
	at org.testng.TestRunner.privateRun(TestRunner.java:648)
	at org.testng.TestRunner.run(TestRunner.java:505)
	at org.testng.SuiteRunner.runTest(SuiteRunner.java:455)
	at org.testng.SuiteRunner.runSequentially(SuiteRunner.java:450)
	at org.testng.SuiteRunner.privateRun(SuiteRunner.java:415)
	at org.testng.SuiteRunner.run(SuiteRunner.java:364)
	at org.testng.SuiteRunnerWorker.runSuite(SuiteRunnerWorker.java:52)
	at org.testng.SuiteRunnerWorker.run(SuiteRunnerWorker.java:84)
	at org.testng.TestNG.runSuitesSequentially(TestNG.java:1208)
	at org.testng.TestNG.runSuitesLocally(TestNG.java:1137)
	at org.testng.TestNG.runSuites(TestNG.java:1049)
	at org.testng.TestNG.run(TestNG.java:1017)
	at org.testng.remote.AbstractRemoteTestNG.run(AbstractRemoteTestNG.java:115)
	at org.testng.remote.RemoteTestNG.initAndRun(RemoteTestNG.java:251)
	at org.testng.remote.RemoteTestNG.main(RemoteTestNG.java:77)
</pre></div></td>
<td>6</td>
<td>b2c.HomePageLinkTest@e45f292</td></tr>
<tr>
<td title='b2c.HomePageLinkTest.clickToWaterKingdomAndGetWaterKingdomHomePageURL()'><b>clickToWaterKingdomAndGetWaterKingdomHomePageURL</b><br>Test class: b2c.HomePageLinkTest</td>
<td><div><pre>java.lang.AssertionError: expected [https://www.waterkingdom.in/travel/home] but found [http://www.fab5shopping.in/]
	at b2c.HomePageLinkTest.clickToWaterKingdomAndGetWaterKingdomHomePageURL(HomePageLinkTest.java:92)
... Removed 31 stack frames</pre></div><a href='#' onClick='toggleBox("stack-trace254955665", this, "Click to show all stack frames", "Click to hide stack frames")'>Click to show all stack frames</a>
<div class='stack-trace' id='stack-trace254955665'><pre>java.lang.AssertionError: expected [https://www.waterkingdom.in/travel/home] but found [http://www.fab5shopping.in/]
	at org.testng.Assert.fail(Assert.java:96)
	at org.testng.Assert.failNotEquals(Assert.java:776)
	at org.testng.Assert.assertEqualsImpl(Assert.java:137)
	at org.testng.Assert.assertEquals(Assert.java:118)
	at org.testng.Assert.assertEquals(Assert.java:453)
	at org.testng.Assert.assertEquals(Assert.java:463)
	at b2c.HomePageLinkTest.clickToWaterKingdomAndGetWaterKingdomHomePageURL(HomePageLinkTest.java:92)
	at sun.reflect.NativeMethodAccessorImpl.invoke0(Native Method)
	at sun.reflect.NativeMethodAccessorImpl.invoke(NativeMethodAccessorImpl.java:62)
	at sun.reflect.DelegatingMethodAccessorImpl.invoke(DelegatingMethodAccessorImpl.java:43)
	at java.lang.reflect.Method.invoke(Method.java:498)
	at org.testng.internal.MethodInvocationHelper.invokeMethod(MethodInvocationHelper.java:124)
	at org.testng.internal.Invoker.invokeMethod(Invoker.java:583)
	at org.testng.internal.Invoker.invokeTestMethod(Invoker.java:719)
	at org.testng.internal.Invoker.invokeTestMethods(Invoker.java:989)
	at org.testng.internal.TestMethodWorker.invokeTestMethods(TestMethodWorker.java:125)
	at org.testng.internal.TestMethodWorker.run(TestMethodWorker.java:109)
	at org.testng.TestRunner.privateRun(TestRunner.java:648)
	at org.testng.TestRunner.run(TestRunner.java:505)
	at org.testng.SuiteRunner.runTest(SuiteRunner.java:455)
	at org.testng.SuiteRunner.runSequentially(SuiteRunner.java:450)
	at org.testng.SuiteRunner.privateRun(SuiteRunner.java:415)
	at org.testng.SuiteRunner.run(SuiteRunner.java:364)
	at org.testng.SuiteRunnerWorker.runSuite(SuiteRunnerWorker.java:52)
	at org.testng.SuiteRunnerWorker.run(SuiteRunnerWorker.java:84)
	at org.testng.TestNG.runSuitesSequentially(TestNG.java:1208)
	at org.testng.TestNG.runSuitesLocally(TestNG.java:1137)
	at org.testng.TestNG.runSuites(TestNG.java:1049)
	at org.testng.TestNG.run(TestNG.java:1017)
	at org.testng.remote.AbstractRemoteTestNG.run(AbstractRemoteTestNG.java:115)
	at org.testng.remote.RemoteTestNG.initAndRun(RemoteTestNG.java:251)
	at org.testng.remote.RemoteTestNG.main(RemoteTestNG.java:77)
</pre></div></td>
<td>7</td>
<td>b2c.HomePageLinkTest@e45f292</td></tr>
</table><p>
<table width='100%' border='1' class='invocation-passed'>
<tr><td colspan='4' align='center'><b>PASSED TESTS</b></td></tr>
<tr><td><b>Test method</b></td>
<td width="30%"><b>Exception</b></td>
<td width="10%"><b>Time (seconds)</b></td>
<td><b>Instance</b></td>
</tr>
<tr>
<td title='b2c.HomePageLinkTest.clickToBirdParkLinkAndGetBirdParkHomePageURL()'><b>clickToBirdParkLinkAndGetBirdParkHomePageURL</b><br>Test class: b2c.HomePageLinkTest</td>
<td></td>
<td>12</td>
<td>b2c.HomePageLinkTest@e45f292</td></tr>
<tr>
<td title='b2c.HomePageLinkTest.footerTopMenuLinks()'><b>footerTopMenuLinks</b><br>Test class: b2c.HomePageLinkTest</td>
<td></td>
<td>34</td>
<td>b2c.HomePageLinkTest@e45f292</td></tr>
<tr>
<td title='b2c.LoginPageTest.invalidSignIn()'><b>invalidSignIn</b><br>Test class: b2c.LoginPageTest</td>
<td></td>
<td>3</td>
<td>b2c.LoginPageTest@5bcab519</td></tr>
<tr>
<td title='b2c.LoginPageTest.passwordValidation()'><b>passwordValidation</b><br>Test class: b2c.LoginPageTest</td>
<td></td>
<td>0</td>
<td>b2c.LoginPageTest@5bcab519</td></tr>
<tr>
<td title='b2c.LoginPageTest.testCancel()'><b>testCancel</b><br>Test class: b2c.LoginPageTest</td>
<td></td>
<td>1</td>
<td>b2c.LoginPageTest@5bcab519</td></tr>
<tr>
<td title='b2c.LoginPageTest.testSignUp()'><b>testSignUp</b><br>Test class: b2c.LoginPageTest</td>
<td></td>
<td>2</td>
<td>b2c.LoginPageTest@5bcab519</td></tr>
<tr>
<td title='b2c.LoginPageTest.userNameValidation()'><b>userNameValidation</b><br>Test class: b2c.LoginPageTest</td>
<td></td>
<td>2</td>
<td>b2c.LoginPageTest@5bcab519</td></tr>
<tr>
<td title='b2c.LoginPageTest.validCredential()'><b>validCredential</b><br>Test class: b2c.LoginPageTest</td>
<td></td>
<td>4</td>
<td>b2c.LoginPageTest@5bcab519</td></tr>
</table><p>
</body>
</html>