<?xml version="1.0" encoding="UTF-8"?>
<!-- Generated by org.testng.reporters.JUnitXMLReporter -->
<testsuite hostname="kuldeep-Travel" ignored="0" name="Test" tests="10" failures="3" timestamp="28 Feb 2019 14:00:05 GMT" time="126.172" errors="0">
  <testcase name="selectAdultAndChild" time="1.284" classname="b2c.BookingWidgetTest">
    <failure type="org.openqa.selenium.ElementNotInteractableException" message="
Build info: version: &amp;apos;3.141.59&amp;apos;, revision: &amp;apos;e82be7d358&amp;apos;, time: &amp;apos;2018-11-14T08:17:03&amp;apos;
System info: host: &amp;apos;kuldeep-Travel&amp;apos;, ip: &amp;apos;127.0.1.1&amp;apos;, os.name: &amp;apos;Linux&amp;apos;, os.arch: &amp;apos;amd64&amp;apos;, os.version: &amp;apos;4.4.0-79-generic&amp;apos;, java.version: &amp;apos;1.8.0_131&amp;apos;
Driver info: org.openqa.selenium.firefox.FirefoxDriver
Capabilities {acceptInsecureCerts: true, browserName: firefox, browserVersion: 55.0.1, javascriptEnabled: true, moz:accessibilityChecks: false, moz:processID: 24863, moz:profile: /tmp/rust_mozprofile.Y3mOmd..., pageLoadStrategy: normal, platform: LINUX, platformName: LINUX, platformVersion: 4.4.0-79-generic, rotatable: false, specificationLevel: 0, timeouts: {implicit: 0, pageLoad: 300000, script: 30000}}
Session ID: 91a89bbc-07b9-4ff2-bd77-1a9332a73e8a">
      <![CDATA[org.openqa.selenium.ElementNotInteractableException: 
Build info: version: '3.141.59', revision: 'e82be7d358', time: '2018-11-14T08:17:03'
System info: host: 'kuldeep-Travel', ip: '127.0.1.1', os.name: 'Linux', os.arch: 'amd64', os.version: '4.4.0-79-generic', java.version: '1.8.0_131'
Driver info: org.openqa.selenium.firefox.FirefoxDriver
Capabilities {acceptInsecureCerts: true, browserName: firefox, browserVersion: 55.0.1, javascriptEnabled: true, moz:accessibilityChecks: false, moz:processID: 24863, moz:profile: /tmp/rust_mozprofile.Y3mOmd..., pageLoadStrategy: normal, platform: LINUX, platformName: LINUX, platformVersion: 4.4.0-79-generic, rotatable: false, specificationLevel: 0, timeouts: {implicit: 0, pageLoad: 300000, script: 30000}}
Session ID: 91a89bbc-07b9-4ff2-bd77-1a9332a73e8a
at org.openqa.selenium.remote.http.W3CHttpResponseCodec.createException(W3CHttpResponseCodec.java:187)
at org.openqa.selenium.remote.http.W3CHttpResponseCodec.decode(W3CHttpResponseCodec.java:122)
at org.openqa.selenium.remote.http.W3CHttpResponseCodec.decode(W3CHttpResponseCodec.java:49)
at org.openqa.selenium.remote.HttpCommandExecutor.execute(HttpCommandExecutor.java:158)
at org.openqa.selenium.remote.service.DriverCommandExecutor.execute(DriverCommandExecutor.java:83)
at org.openqa.selenium.remote.RemoteWebDriver.execute(RemoteWebDriver.java:552)
at org.openqa.selenium.remote.RemoteWebElement.execute(RemoteWebElement.java:285)
at org.openqa.selenium.remote.RemoteWebElement.click(RemoteWebElement.java:84)
at pages.HomePage.selectDate(HomePage.java:38)
at b2c.BookingWidgetTest.selectAdultAndChild(BookingWidgetTest.java:70)
... Removed 29 stack frames]]>
    </failure>
  </testcase> <!-- selectAdultAndChild -->
  <testcase name="selectAdultAndChildWithZero" time="0.433" classname="b2c.BookingWidgetTest">
    <failure type="org.openqa.selenium.ElementNotInteractableException" message="
Build info: version: &amp;apos;3.141.59&amp;apos;, revision: &amp;apos;e82be7d358&amp;apos;, time: &amp;apos;2018-11-14T08:17:03&amp;apos;
System info: host: &amp;apos;kuldeep-Travel&amp;apos;, ip: &amp;apos;127.0.1.1&amp;apos;, os.name: &amp;apos;Linux&amp;apos;, os.arch: &amp;apos;amd64&amp;apos;, os.version: &amp;apos;4.4.0-79-generic&amp;apos;, java.version: &amp;apos;1.8.0_131&amp;apos;
Driver info: org.openqa.selenium.firefox.FirefoxDriver
Capabilities {acceptInsecureCerts: true, browserName: firefox, browserVersion: 55.0.1, javascriptEnabled: true, moz:accessibilityChecks: false, moz:processID: 24863, moz:profile: /tmp/rust_mozprofile.Y3mOmd..., pageLoadStrategy: normal, platform: LINUX, platformName: LINUX, platformVersion: 4.4.0-79-generic, rotatable: false, specificationLevel: 0, timeouts: {implicit: 0, pageLoad: 300000, script: 30000}}
Session ID: 91a89bbc-07b9-4ff2-bd77-1a9332a73e8a">
      <![CDATA[org.openqa.selenium.ElementNotInteractableException: 
Build info: version: '3.141.59', revision: 'e82be7d358', time: '2018-11-14T08:17:03'
System info: host: 'kuldeep-Travel', ip: '127.0.1.1', os.name: 'Linux', os.arch: 'amd64', os.version: '4.4.0-79-generic', java.version: '1.8.0_131'
Driver info: org.openqa.selenium.firefox.FirefoxDriver
Capabilities {acceptInsecureCerts: true, browserName: firefox, browserVersion: 55.0.1, javascriptEnabled: true, moz:accessibilityChecks: false, moz:processID: 24863, moz:profile: /tmp/rust_mozprofile.Y3mOmd..., pageLoadStrategy: normal, platform: LINUX, platformName: LINUX, platformVersion: 4.4.0-79-generic, rotatable: false, specificationLevel: 0, timeouts: {implicit: 0, pageLoad: 300000, script: 30000}}
Session ID: 91a89bbc-07b9-4ff2-bd77-1a9332a73e8a
at org.openqa.selenium.remote.http.W3CHttpResponseCodec.createException(W3CHttpResponseCodec.java:187)
at org.openqa.selenium.remote.http.W3CHttpResponseCodec.decode(W3CHttpResponseCodec.java:122)
at org.openqa.selenium.remote.http.W3CHttpResponseCodec.decode(W3CHttpResponseCodec.java:49)
at org.openqa.selenium.remote.HttpCommandExecutor.execute(HttpCommandExecutor.java:158)
at org.openqa.selenium.remote.service.DriverCommandExecutor.execute(DriverCommandExecutor.java:83)
at org.openqa.selenium.remote.RemoteWebDriver.execute(RemoteWebDriver.java:552)
at org.openqa.selenium.remote.RemoteWebElement.execute(RemoteWebElement.java:285)
at org.openqa.selenium.remote.RemoteWebElement.click(RemoteWebElement.java:84)
at pages.HomePage.selectDate(HomePage.java:38)
at b2c.BookingWidgetTest.selectAdultAndChildWithZero(BookingWidgetTest.java:82)
... Removed 29 stack frames]]>
    </failure>
  </testcase> <!-- selectAdultAndChildWithZero -->
  <testcase name="selectNextMonthDate" time="8.213" classname="b2c.BookingWidgetTest"/>
  <testcase name="invalidSignIn" time="4.301" classname="b2c.LoginPageTest"/>
  <testcase name="passwordValidation" time="0.397" classname="b2c.LoginPageTest"/>
  <testcase name="testCancel" time="1.045" classname="b2c.LoginPageTest"/>
  <testcase name="testSignUp" time="3.87" classname="b2c.LoginPageTest"/>
  <testcase name="userNameValidation" time="2.452" classname="b2c.LoginPageTest"/>
  <testcase name="validCredential" time="3.524" classname="b2c.LoginPageTest">
    <failure type="java.lang.AssertionError" message="expected:&amp;lt;http://atlas:hydra@demo.esselworld.in/travel/404.html&amp;gt; but was:&amp;lt;http://atlas:hydra@demo.esselworld.in/travel/home&amp;gt;">
      <![CDATA[java.lang.AssertionError: expected:<http://atlas:hydra@demo.esselworld.in/travel/404.html> but was:<http://atlas:hydra@demo.esselworld.in/travel/home>
at b2c.LoginPageTest.validCredential(LoginPageTest.java:90)
... Removed 27 stack frames]]>
    </failure>
  </testcase> <!-- validCredential -->
  <testcase name="testHomePage" time="4.781" classname="b2c.HomePageTest"/>
</testsuite> <!-- Test -->
