<?xml version="1.0" encoding="UTF-8"?>
<testng-results skipped="0" failed="3" ignored="6" total="21" passed="12">
  <reporter-output>
  </reporter-output>
  <suite name="Travel B2C" duration-ms="170728" started-at="2019-03-27T10:00:49Z" finished-at="2019-03-27T10:03:39Z">
    <groups>
    </groups>
    <test name="BookingFlow" duration-ms="59196" started-at="2019-03-27T10:00:49Z" finished-at="2019-03-27T10:01:48Z">
      <class name="b2c.SearchPageTest">
        <test-method status="PASS" signature="selectNextMonthDate()[pri:0, instance:b2c.SearchPageTest@6093dd95]" name="selectNextMonthDate" is-config="true" duration-ms="2670" started-at="2019-03-27T10:01:11Z" finished-at="2019-03-27T10:01:14Z">
          <reporter-output>
          </reporter-output>
        </test-method> <!-- selectNextMonthDate -->
        <test-method status="PASS" signature="EnterPaxDetails()[pri:2, instance:b2c.SearchPageTest@6093dd95]" name="EnterPaxDetails" duration-ms="34218" started-at="2019-03-27T10:01:14Z" finished-at="2019-03-27T10:01:48Z">
          <reporter-output>
          </reporter-output>
        </test-method> <!-- EnterPaxDetails -->
      </class> <!-- b2c.SearchPageTest -->
      <class name="b2c.BookingWidgetTest">
        <test-method status="PASS" signature="goToLoginPage()[pri:0, instance:b2c.BookingWidgetTest@6d4b1c02]" name="goToLoginPage" is-config="true" duration-ms="6588" started-at="2019-03-27T10:00:49Z" finished-at="2019-03-27T10:00:55Z">
          <reporter-output>
          </reporter-output>
        </test-method> <!-- goToLoginPage -->
        <test-method status="PASS" signature="selectAdultAndChild()[pri:0, instance:b2c.BookingWidgetTest@6d4b1c02]" name="selectAdultAndChild" duration-ms="8291" started-at="2019-03-27T10:00:55Z" finished-at="2019-03-27T10:01:03Z">
          <reporter-output>
          </reporter-output>
        </test-method> <!-- selectAdultAndChild -->
        <test-method status="PASS" signature="goToLoginPage()[pri:0, instance:b2c.BookingWidgetTest@6d4b1c02]" name="goToLoginPage" is-config="true" duration-ms="2443" started-at="2019-03-27T10:01:03Z" finished-at="2019-03-27T10:01:06Z">
          <reporter-output>
          </reporter-output>
        </test-method> <!-- goToLoginPage -->
        <test-method status="PASS" signature="selectAdultAndChildWithZero()[pri:0, instance:b2c.BookingWidgetTest@6d4b1c02]" name="selectAdultAndChildWithZero" duration-ms="2167" started-at="2019-03-27T10:01:06Z" finished-at="2019-03-27T10:01:08Z">
          <reporter-output>
          </reporter-output>
        </test-method> <!-- selectAdultAndChildWithZero -->
        <test-method status="PASS" signature="goToLoginPage()[pri:0, instance:b2c.BookingWidgetTest@6d4b1c02]" name="goToLoginPage" is-config="true" duration-ms="596" started-at="2019-03-27T10:01:08Z" finished-at="2019-03-27T10:01:09Z">
          <reporter-output>
          </reporter-output>
        </test-method> <!-- goToLoginPage -->
        <test-method status="PASS" signature="selectNextMonthDate()[pri:0, instance:b2c.BookingWidgetTest@6d4b1c02]" name="selectNextMonthDate" duration-ms="2180" started-at="2019-03-27T10:01:09Z" finished-at="2019-03-27T10:01:11Z">
          <reporter-output>
          </reporter-output>
        </test-method> <!-- selectNextMonthDate -->
      </class> <!-- b2c.BookingWidgetTest -->
    </test> <!-- BookingFlow -->
    <test name="LoginFlow" duration-ms="111499" started-at="2019-03-27T10:01:48Z" finished-at="2019-03-27T10:03:39Z">
      <class name="b2c.HomePageLinkTest">
        <test-method status="FAIL" signature="clickOffersLinkAndVerify()[pri:0, instance:b2c.HomePageLinkTest@e45f292]" name="clickOffersLinkAndVerify" duration-ms="25221" started-at="2019-03-27T10:02:04Z" finished-at="2019-03-27T10:02:29Z">
          <exception class="java.lang.AssertionError">
            <message>
              <![CDATA[expected [ZOOMCAR SUPER OFFER] but found [ZOOM CAR SUPER OFFER]]]>
            </message>
            <full-stacktrace>
              <![CDATA[java.lang.AssertionError: expected [ZOOMCAR SUPER OFFER] but found [ZOOM CAR SUPER OFFER]
at org.testng.Assert.fail(Assert.java:96)
at org.testng.Assert.failNotEquals(Assert.java:776)
at org.testng.Assert.assertEqualsImpl(Assert.java:137)
at org.testng.Assert.assertEquals(Assert.java:118)
at org.testng.Assert.assertEquals(Assert.java:453)
at org.testng.Assert.assertEquals(Assert.java:463)
at b2c.HomePageLinkTest.clickOffersLinkAndVerify(HomePageLinkTest.java:38)
at sun.reflect.NativeMethodAccessorImpl.invoke0(Native Method)
at sun.reflect.NativeMethodAccessorImpl.invoke(NativeMethodAccessorImpl.java:62)
at sun.reflect.DelegatingMethodAccessorImpl.invoke(DelegatingMethodAccessorImpl.java:43)
at java.lang.reflect.Method.invoke(Method.java:498)
at org.testng.internal.MethodInvocationHelper.invokeMethod(MethodInvocationHelper.java:124)
at org.testng.internal.Invoker.invokeMethod(Invoker.java:583)
at org.testng.internal.Invoker.invokeTestMethod(Invoker.java:719)
at org.testng.internal.Invoker.invokeTestMethods(Invoker.java:989)
at org.testng.internal.TestMethodWorker.invokeTestMethods(TestMethodWorker.java:125)
at org.testng.internal.TestMethodWorker.run(TestMethodWorker.java:109)
at org.testng.TestRunner.privateRun(TestRunner.java:648)
at org.testng.TestRunner.run(TestRunner.java:505)
at org.testng.SuiteRunner.runTest(SuiteRunner.java:455)
at org.testng.SuiteRunner.runSequentially(SuiteRunner.java:450)
at org.testng.SuiteRunner.privateRun(SuiteRunner.java:415)
at org.testng.SuiteRunner.run(SuiteRunner.java:364)
at org.testng.SuiteRunnerWorker.runSuite(SuiteRunnerWorker.java:52)
at org.testng.SuiteRunnerWorker.run(SuiteRunnerWorker.java:84)
at org.testng.TestNG.runSuitesSequentially(TestNG.java:1208)
at org.testng.TestNG.runSuitesLocally(TestNG.java:1137)
at org.testng.TestNG.runSuites(TestNG.java:1049)
at org.testng.TestNG.run(TestNG.java:1017)
at org.testng.remote.AbstractRemoteTestNG.run(AbstractRemoteTestNG.java:115)
at org.testng.remote.RemoteTestNG.initAndRun(RemoteTestNG.java:251)
at org.testng.remote.RemoteTestNG.main(RemoteTestNG.java:77)
]]>
            </full-stacktrace>
          </exception> <!-- java.lang.AssertionError -->
          <reporter-output>
          </reporter-output>
        </test-method> <!-- clickOffersLinkAndVerify -->
        <test-method status="PASS" signature="clickToBirdParkLinkAndGetBirdParkHomePageURL()[pri:0, instance:b2c.HomePageLinkTest@e45f292]" name="clickToBirdParkLinkAndGetBirdParkHomePageURL" duration-ms="12543" started-at="2019-03-27T10:02:30Z" finished-at="2019-03-27T10:02:42Z">
          <reporter-output>
          </reporter-output>
        </test-method> <!-- clickToBirdParkLinkAndGetBirdParkHomePageURL -->
        <test-method status="FAIL" signature="clickToFab5ShoppingLinkAndGetGetFab5ShoppingHomePageURL()[pri:0, instance:b2c.HomePageLinkTest@e45f292]" name="clickToFab5ShoppingLinkAndGetGetFab5ShoppingHomePageURL" duration-ms="6783" started-at="2019-03-27T10:02:42Z" finished-at="2019-03-27T10:02:49Z">
          <exception class="java.lang.AssertionError">
            <message>
              <![CDATA[expected [http://www.fab5shopping.in/] but found [http://atlas:hydra@demo.esselworld.in/travel/]]]>
            </message>
            <full-stacktrace>
              <![CDATA[java.lang.AssertionError: expected [http://www.fab5shopping.in/] but found [http://atlas:hydra@demo.esselworld.in/travel/]
at org.testng.Assert.fail(Assert.java:96)
at org.testng.Assert.failNotEquals(Assert.java:776)
at org.testng.Assert.assertEqualsImpl(Assert.java:137)
at org.testng.Assert.assertEquals(Assert.java:118)
at org.testng.Assert.assertEquals(Assert.java:453)
at org.testng.Assert.assertEquals(Assert.java:463)
at b2c.HomePageLinkTest.clickToFab5ShoppingLinkAndGetGetFab5ShoppingHomePageURL(HomePageLinkTest.java:106)
at sun.reflect.NativeMethodAccessorImpl.invoke0(Native Method)
at sun.reflect.NativeMethodAccessorImpl.invoke(NativeMethodAccessorImpl.java:62)
at sun.reflect.DelegatingMethodAccessorImpl.invoke(DelegatingMethodAccessorImpl.java:43)
at java.lang.reflect.Method.invoke(Method.java:498)
at org.testng.internal.MethodInvocationHelper.invokeMethod(MethodInvocationHelper.java:124)
at org.testng.internal.Invoker.invokeMethod(Invoker.java:583)
at org.testng.internal.Invoker.invokeTestMethod(Invoker.java:719)
at org.testng.internal.Invoker.invokeTestMethods(Invoker.java:989)
at org.testng.internal.TestMethodWorker.invokeTestMethods(TestMethodWorker.java:125)
at org.testng.internal.TestMethodWorker.run(TestMethodWorker.java:109)
at org.testng.TestRunner.privateRun(TestRunner.java:648)
at org.testng.TestRunner.run(TestRunner.java:505)
at org.testng.SuiteRunner.runTest(SuiteRunner.java:455)
at org.testng.SuiteRunner.runSequentially(SuiteRunner.java:450)
at org.testng.SuiteRunner.privateRun(SuiteRunner.java:415)
at org.testng.SuiteRunner.run(SuiteRunner.java:364)
at org.testng.SuiteRunnerWorker.runSuite(SuiteRunnerWorker.java:52)
at org.testng.SuiteRunnerWorker.run(SuiteRunnerWorker.java:84)
at org.testng.TestNG.runSuitesSequentially(TestNG.java:1208)
at org.testng.TestNG.runSuitesLocally(TestNG.java:1137)
at org.testng.TestNG.runSuites(TestNG.java:1049)
at org.testng.TestNG.run(TestNG.java:1017)
at org.testng.remote.AbstractRemoteTestNG.run(AbstractRemoteTestNG.java:115)
at org.testng.remote.RemoteTestNG.initAndRun(RemoteTestNG.java:251)
at org.testng.remote.RemoteTestNG.main(RemoteTestNG.java:77)
]]>
            </full-stacktrace>
          </exception> <!-- java.lang.AssertionError -->
          <reporter-output>
          </reporter-output>
        </test-method> <!-- clickToFab5ShoppingLinkAndGetGetFab5ShoppingHomePageURL -->
        <test-method status="FAIL" signature="clickToWaterKingdomAndGetWaterKingdomHomePageURL()[pri:0, instance:b2c.HomePageLinkTest@e45f292]" name="clickToWaterKingdomAndGetWaterKingdomHomePageURL" duration-ms="7779" started-at="2019-03-27T10:02:50Z" finished-at="2019-03-27T10:02:57Z">
          <exception class="java.lang.AssertionError">
            <message>
              <![CDATA[expected [https://www.waterkingdom.in/travel/home] but found [http://www.fab5shopping.in/]]]>
            </message>
            <full-stacktrace>
              <![CDATA[java.lang.AssertionError: expected [https://www.waterkingdom.in/travel/home] but found [http://www.fab5shopping.in/]
at org.testng.Assert.fail(Assert.java:96)
at org.testng.Assert.failNotEquals(Assert.java:776)
at org.testng.Assert.assertEqualsImpl(Assert.java:137)
at org.testng.Assert.assertEquals(Assert.java:118)
at org.testng.Assert.assertEquals(Assert.java:453)
at org.testng.Assert.assertEquals(Assert.java:463)
at b2c.HomePageLinkTest.clickToWaterKingdomAndGetWaterKingdomHomePageURL(HomePageLinkTest.java:92)
at sun.reflect.NativeMethodAccessorImpl.invoke0(Native Method)
at sun.reflect.NativeMethodAccessorImpl.invoke(NativeMethodAccessorImpl.java:62)
at sun.reflect.DelegatingMethodAccessorImpl.invoke(DelegatingMethodAccessorImpl.java:43)
at java.lang.reflect.Method.invoke(Method.java:498)
at org.testng.internal.MethodInvocationHelper.invokeMethod(MethodInvocationHelper.java:124)
at org.testng.internal.Invoker.invokeMethod(Invoker.java:583)
at org.testng.internal.Invoker.invokeTestMethod(Invoker.java:719)
at org.testng.internal.Invoker.invokeTestMethods(Invoker.java:989)
at org.testng.internal.TestMethodWorker.invokeTestMethods(TestMethodWorker.java:125)
at org.testng.internal.TestMethodWorker.run(TestMethodWorker.java:109)
at org.testng.TestRunner.privateRun(TestRunner.java:648)
at org.testng.TestRunner.run(TestRunner.java:505)
at org.testng.SuiteRunner.runTest(SuiteRunner.java:455)
at org.testng.SuiteRunner.runSequentially(SuiteRunner.java:450)
at org.testng.SuiteRunner.privateRun(SuiteRunner.java:415)
at org.testng.SuiteRunner.run(SuiteRunner.java:364)
at org.testng.SuiteRunnerWorker.runSuite(SuiteRunnerWorker.java:52)
at org.testng.SuiteRunnerWorker.run(SuiteRunnerWorker.java:84)
at org.testng.TestNG.runSuitesSequentially(TestNG.java:1208)
at org.testng.TestNG.runSuitesLocally(TestNG.java:1137)
at org.testng.TestNG.runSuites(TestNG.java:1049)
at org.testng.TestNG.run(TestNG.java:1017)
at org.testng.remote.AbstractRemoteTestNG.run(AbstractRemoteTestNG.java:115)
at org.testng.remote.RemoteTestNG.initAndRun(RemoteTestNG.java:251)
at org.testng.remote.RemoteTestNG.main(RemoteTestNG.java:77)
]]>
            </full-stacktrace>
          </exception> <!-- java.lang.AssertionError -->
          <reporter-output>
          </reporter-output>
        </test-method> <!-- clickToWaterKingdomAndGetWaterKingdomHomePageURL -->
        <test-method status="PASS" signature="footerTopMenuLinks()[pri:0, instance:b2c.HomePageLinkTest@e45f292]" name="footerTopMenuLinks" duration-ms="34684" started-at="2019-03-27T10:02:58Z" finished-at="2019-03-27T10:03:33Z">
          <reporter-output>
          </reporter-output>
        </test-method> <!-- footerTopMenuLinks -->
      </class> <!-- b2c.HomePageLinkTest -->
      <class name="b2c.LoginPageTest">
        <test-method status="PASS" signature="init()[pri:0, instance:b2c.LoginPageTest@5bcab519]" name="init" is-config="true" duration-ms="5787" started-at="2019-03-27T10:00:43Z" finished-at="2019-03-27T10:00:49Z">
          <reporter-output>
          </reporter-output>
        </test-method> <!-- init -->
        <test-method status="PASS" signature="goToLoginPage()[pri:0, instance:b2c.LoginPageTest@5bcab519]" name="goToLoginPage" is-config="true" duration-ms="1168" started-at="2019-03-27T10:01:48Z" finished-at="2019-03-27T10:01:49Z">
          <reporter-output>
          </reporter-output>
        </test-method> <!-- goToLoginPage -->
        <test-method status="PASS" signature="invalidSignIn()[pri:0, instance:b2c.LoginPageTest@5bcab519]" name="invalidSignIn" duration-ms="3560" started-at="2019-03-27T10:01:49Z" finished-at="2019-03-27T10:01:53Z">
          <reporter-output>
          </reporter-output>
        </test-method> <!-- invalidSignIn -->
        <test-method status="PASS" signature="goToLoginPage()[pri:0, instance:b2c.LoginPageTest@5bcab519]" name="goToLoginPage" is-config="true" duration-ms="1301" started-at="2019-03-27T10:01:53Z" finished-at="2019-03-27T10:01:54Z">
          <reporter-output>
          </reporter-output>
        </test-method> <!-- goToLoginPage -->
        <test-method status="PASS" signature="passwordValidation()[pri:0, instance:b2c.LoginPageTest@5bcab519]" name="passwordValidation" duration-ms="457" started-at="2019-03-27T10:01:54Z" finished-at="2019-03-27T10:01:54Z">
          <reporter-output>
          </reporter-output>
        </test-method> <!-- passwordValidation -->
        <test-method status="PASS" signature="goToLoginPage()[pri:0, instance:b2c.LoginPageTest@5bcab519]" name="goToLoginPage" is-config="true" duration-ms="1365" started-at="2019-03-27T10:01:54Z" finished-at="2019-03-27T10:01:56Z">
          <reporter-output>
          </reporter-output>
        </test-method> <!-- goToLoginPage -->
        <test-method status="PASS" signature="testCancel()[pri:0, instance:b2c.LoginPageTest@5bcab519]" name="testCancel" duration-ms="1162" started-at="2019-03-27T10:01:56Z" finished-at="2019-03-27T10:01:57Z">
          <reporter-output>
          </reporter-output>
        </test-method> <!-- testCancel -->
        <test-method status="PASS" signature="goToLoginPage()[pri:0, instance:b2c.LoginPageTest@5bcab519]" name="goToLoginPage" is-config="true" duration-ms="1135" started-at="2019-03-27T10:01:57Z" finished-at="2019-03-27T10:01:58Z">
          <reporter-output>
          </reporter-output>
        </test-method> <!-- goToLoginPage -->
        <test-method status="PASS" signature="testSignUp()[pri:0, instance:b2c.LoginPageTest@5bcab519]" name="testSignUp" duration-ms="2077" started-at="2019-03-27T10:01:58Z" finished-at="2019-03-27T10:02:00Z">
          <reporter-output>
          </reporter-output>
        </test-method> <!-- testSignUp -->
        <test-method status="PASS" signature="goToLoginPage()[pri:0, instance:b2c.LoginPageTest@5bcab519]" name="goToLoginPage" is-config="true" duration-ms="1435" started-at="2019-03-27T10:02:00Z" finished-at="2019-03-27T10:02:01Z">
          <reporter-output>
          </reporter-output>
        </test-method> <!-- goToLoginPage -->
        <test-method status="PASS" signature="userNameValidation()[pri:0, instance:b2c.LoginPageTest@5bcab519]" name="userNameValidation" duration-ms="2516" started-at="2019-03-27T10:02:01Z" finished-at="2019-03-27T10:02:04Z">
          <reporter-output>
          </reporter-output>
        </test-method> <!-- userNameValidation -->
        <test-method status="PASS" signature="goToLoginPage()[pri:0, instance:b2c.LoginPageTest@5bcab519]" name="goToLoginPage" is-config="true" duration-ms="1925" started-at="2019-03-27T10:03:33Z" finished-at="2019-03-27T10:03:35Z">
          <reporter-output>
          </reporter-output>
        </test-method> <!-- goToLoginPage -->
        <test-method status="PASS" signature="validCredential()[pri:3, instance:b2c.LoginPageTest@5bcab519]" name="validCredential" duration-ms="4564" started-at="2019-03-27T10:03:35Z" finished-at="2019-03-27T10:03:39Z">
          <reporter-output>
          </reporter-output>
        </test-method> <!-- validCredential -->
        <test-method status="PASS" signature="cleanup()[pri:0, instance:b2c.LoginPageTest@5bcab519]" name="cleanup" is-config="true" duration-ms="8570" started-at="2019-03-27T10:03:40Z" finished-at="2019-03-27T10:03:49Z">
          <reporter-output>
          </reporter-output>
        </test-method> <!-- cleanup -->
      </class> <!-- b2c.LoginPageTest -->
    </test> <!-- LoginFlow -->
  </suite> <!-- Travel B2C -->
</testng-results>
